d:\c++_projects_v2\cosmic_encounter\cosmic_encounter\x64\debug\vc143.pdb
d:\c++_projects_v2\cosmic_encounter\cosmic_encounter\x64\debug\vc143.idb
d:\c++_projects_v2\cosmic_encounter\cosmic_encounter\x64\debug\imgui_tables.obj
d:\c++_projects_v2\cosmic_encounter\cosmic_encounter\x64\debug\imgui_impl_sdlrenderer2.obj
d:\c++_projects_v2\cosmic_encounter\cosmic_encounter\x64\debug\imgui_impl_sdl2.obj
d:\c++_projects_v2\cosmic_encounter\cosmic_encounter\x64\debug\imgui_draw.obj
d:\c++_projects_v2\cosmic_encounter\cosmic_encounter\x64\debug\imgui_demo.obj
d:\c++_projects_v2\cosmic_encounter\cosmic_encounter\x64\debug\imgui.obj
d:\c++_projects_v2\cosmic_encounter\cosmic_encounter\x64\debug\homeeditor.obj
d:\c++_projects_v2\cosmic_encounter\cosmic_encounter\x64\debug\eventhandler.obj
d:\c++_projects_v2\cosmic_encounter\cosmic_encounter\x64\debug\editorutil.obj
d:\c++_projects_v2\cosmic_encounter\cosmic_encounter\x64\debug\datautil.obj
d:\c++_projects_v2\cosmic_encounter\cosmic_encounter\x64\debug\button.obj
d:\c++_projects_v2\cosmic_encounter\cosmic_encounter\x64\debug\network.obj
d:\c++_projects_v2\cosmic_encounter\cosmic_encounter\x64\debug\main.obj
d:\c++_projects_v2\cosmic_encounter\cosmic_encounter\x64\debug\waitingroom.obj
d:\c++_projects_v2\cosmic_encounter\cosmic_encounter\x64\debug\texteditor.obj
d:\c++_projects_v2\cosmic_encounter\cosmic_encounter\x64\debug\rendertypes.obj
d:\c++_projects_v2\cosmic_encounter\cosmic_encounter\x64\debug\instance.obj
d:\c++_projects_v2\cosmic_encounter\cosmic_encounter\x64\debug\game.obj
d:\c++_projects_v2\cosmic_encounter\cosmic_encounter\x64\debug\client.obj
d:\c++_projects_v2\cosmic_encounter\cosmic_encounter\x64\debug\card.obj
d:\c++_projects_v2\cosmic_encounter\cosmic_encounter\x64\debug\player.obj
d:\c++_projects_v2\cosmic_encounter\cosmic_encounter\x64\debug\sound.obj
d:\c++_projects_v2\cosmic_encounter\cosmic_encounter\x64\debug\scene.obj
d:\c++_projects_v2\cosmic_encounter\cosmic_encounter\x64\debug\renderer.obj
d:\c++_projects_v2\cosmic_encounter\cosmic_encounter\x64\debug\rect.obj
d:\c++_projects_v2\cosmic_encounter\cosmic_encounter\x64\debug\objecteditor.obj
d:\c++_projects_v2\cosmic_encounter\cosmic_encounter\x64\debug\imgui_widgets.obj
d:\c++_projects_v2\cosmic_encounter\cosmic_encounter\x64\debug\std.compat.ixx.ifc
d:\c++_projects_v2\cosmic_encounter\cosmic_encounter\x64\debug\std.compat.ixx.ifc.d.json
d:\c++_projects_v2\cosmic_encounter\cosmic_encounter\x64\debug\std.compat.ixx.obj
d:\c++_projects_v2\cosmic_encounter\cosmic_encounter\x64\debug\std.ixx.ifc
d:\c++_projects_v2\cosmic_encounter\cosmic_encounter\x64\debug\std.ixx.ifc.d.json
d:\c++_projects_v2\cosmic_encounter\cosmic_encounter\x64\debug\std.ixx.obj
d:\c++_projects_v2\cosmic_encounter\x64\debug\cosmic_encounter.exe
d:\c++_projects_v2\cosmic_encounter\cosmic_encounter\x64\debug\cosmic_encounter.ilk
d:\c++_projects_v2\cosmic_encounter\x64\debug\cosmic_encounter.pdb
d:\c++_projects_v2\cosmic_encounter\cosmic_encounter\x64\debug\std.ixx.module.json
d:\c++_projects_v2\cosmic_encounter\cosmic_encounter\x64\debug\std.compat.ixx.module.json
d:\c++_projects_v2\cosmic_encounter\cosmic_encounter\x64\debug\cosmic_encounter.tlog\cl.command.1.tlog
d:\c++_projects_v2\cosmic_encounter\cosmic_encounter\x64\debug\cosmic_encounter.tlog\cl.items.tlog
d:\c++_projects_v2\cosmic_encounter\cosmic_encounter\x64\debug\cosmic_encounter.tlog\cl.read.1.tlog
d:\c++_projects_v2\cosmic_encounter\cosmic_encounter\x64\debug\cosmic_encounter.tlog\cl.write.1.tlog
d:\c++_projects_v2\cosmic_encounter\cosmic_encounter\x64\debug\cosmic_encounter.tlog\link.command.1.tlog
d:\c++_projects_v2\cosmic_encounter\cosmic_encounter\x64\debug\cosmic_encounter.tlog\link.read.1.tlog
d:\c++_projects_v2\cosmic_encounter\cosmic_encounter\x64\debug\cosmic_encounter.tlog\link.write.1.tlog
d:\c++_projects_v2\cosmic_encounter\cosmic_encounter\x64\debug\cosmic_encounter_md.tlog\cl.command.1.tlog
d:\c++_projects_v2\cosmic_encounter\cosmic_encounter\x64\debug\cosmic_encounter_md.tlog\microsoft.build.cpptasks.cl.read.1.tlog
d:\c++_projects_v2\cosmic_encounter\cosmic_encounter\x64\debug\cosmic_encounter_md.tlog\microsoft.build.cpptasks.cl.write.1.tlog
